mode: set
github.com/dvl-numeez/fs-cli/copy_files.go:12.42,14.20 2 1
github.com/dvl-numeez/fs-cli/copy_files.go:15.10,18.54 3 1
github.com/dvl-numeez/fs-cli/copy_files.go:20.10,21.43 1 1
github.com/dvl-numeez/fs-cli/copy_files.go:26.75,28.20 2 1
github.com/dvl-numeez/fs-cli/copy_files.go:28.20,30.4 1 0
github.com/dvl-numeez/fs-cli/copy_files.go:31.3,32.18 2 1
github.com/dvl-numeez/fs-cli/copy_files.go:32.18,34.4 1 0
github.com/dvl-numeez/fs-cli/copy_files.go:35.2,35.35 1 1
github.com/dvl-numeez/fs-cli/copy_files.go:35.35,38.13 2 1
github.com/dvl-numeez/fs-cli/copy_files.go:38.13,41.3 1 0
github.com/dvl-numeez/fs-cli/copy_files.go:42.2,43.21 2 1
github.com/dvl-numeez/fs-cli/copy_files.go:43.21,45.14 2 1
github.com/dvl-numeez/fs-cli/copy_files.go:45.14,47.4 1 1
github.com/dvl-numeez/fs-cli/copy_files.go:48.3,49.14 2 1
github.com/dvl-numeez/fs-cli/copy_files.go:49.14,51.4 1 0
github.com/dvl-numeez/fs-cli/copy_files.go:52.3,52.29 1 1
github.com/dvl-numeez/fs-cli/copy_files.go:52.29,56.4 3 1
github.com/dvl-numeez/fs-cli/copy_files.go:59.7,61.13 2 1
github.com/dvl-numeez/fs-cli/copy_files.go:61.13,63.3 1 0
github.com/dvl-numeez/fs-cli/copy_files.go:64.2,66.13 3 1
github.com/dvl-numeez/fs-cli/copy_files.go:66.13,68.3 1 0
github.com/dvl-numeez/fs-cli/delete_files.go:11.73,12.14 1 1
github.com/dvl-numeez/fs-cli/delete_files.go:13.16,19.33 6 1
github.com/dvl-numeez/fs-cli/delete_files.go:20.12,21.38 1 1
github.com/dvl-numeez/fs-cli/delete_files.go:22.12,23.51 1 1
github.com/dvl-numeez/fs-cli/delete_files.go:24.11,25.81 1 1
github.com/dvl-numeez/fs-cli/delete_files.go:28.14,29.38 1 1
github.com/dvl-numeez/fs-cli/delete_files.go:32.64,33.13 1 1
github.com/dvl-numeez/fs-cli/delete_files.go:34.16,37.15 3 1
github.com/dvl-numeez/fs-cli/delete_files.go:37.15,40.4 1 1
github.com/dvl-numeez/fs-cli/delete_files.go:40.8,42.4 1 1
github.com/dvl-numeez/fs-cli/delete_files.go:43.14,44.30 1 1
github.com/dvl-numeez/fs-cli/delete_files.go:48.53,50.19 2 1
github.com/dvl-numeez/fs-cli/delete_files.go:50.19,52.6 1 0
github.com/dvl-numeez/fs-cli/delete_files.go:53.5,55.22 3 1
github.com/dvl-numeez/fs-cli/delete_files.go:55.22,57.6 1 1
github.com/dvl-numeez/fs-cli/delete_files.go:58.5,58.22 1 1
github.com/dvl-numeez/fs-cli/delete_files.go:61.69,63.11 2 1
github.com/dvl-numeez/fs-cli/delete_files.go:63.11,65.13 2 1
github.com/dvl-numeez/fs-cli/delete_files.go:65.13,67.3 1 0
github.com/dvl-numeez/fs-cli/delete_files.go:68.2,68.25 1 1
github.com/dvl-numeez/fs-cli/delete_files.go:68.25,71.17 3 1
github.com/dvl-numeez/fs-cli/delete_files.go:71.17,73.4 1 0
github.com/dvl-numeez/fs-cli/delete_files.go:74.3,74.18 1 1
github.com/dvl-numeez/fs-cli/delete_files.go:78.1,78.21 1 1
github.com/dvl-numeez/fs-cli/delete_files.go:81.39,83.13 2 1
github.com/dvl-numeez/fs-cli/delete_files.go:83.13,85.3 1 0
github.com/dvl-numeez/fs-cli/delete_files.go:86.2,86.21 1 1
github.com/dvl-numeez/fs-cli/delete_files.go:88.48,90.2 1 1
github.com/dvl-numeez/fs-cli/helpers.go:11.12,13.2 1 0
github.com/dvl-numeez/fs-cli/helpers.go:14.20,15.34 1 0
github.com/dvl-numeez/fs-cli/helpers.go:15.34,19.6 3 0
github.com/dvl-numeez/fs-cli/helpers.go:19.11,23.6 3 0
github.com/dvl-numeez/fs-cli/helpers.go:27.37,31.27 4 1
github.com/dvl-numeez/fs-cli/helpers.go:31.27,32.17 1 1
github.com/dvl-numeez/fs-cli/helpers.go:32.17,34.10 1 1
github.com/dvl-numeez/fs-cli/helpers.go:37.1,37.35 1 1
github.com/dvl-numeez/fs-cli/main.go:5.12,9.2 1 0
github.com/dvl-numeez/fs-cli/move_files.go:11.60,13.20 2 1
github.com/dvl-numeez/fs-cli/move_files.go:14.10,18.47 4 1
github.com/dvl-numeez/fs-cli/move_files.go:19.10,20.43 1 1
github.com/dvl-numeez/fs-cli/read_files.go:11.47,14.15 3 1
github.com/dvl-numeez/fs-cli/read_files.go:15.9,16.33 1 1
github.com/dvl-numeez/fs-cli/read_files.go:17.9,18.56 1 1
github.com/dvl-numeez/fs-cli/read_files.go:19.10,20.53 1 1
github.com/dvl-numeez/fs-cli/read_files.go:25.54,27.13 2 1
github.com/dvl-numeez/fs-cli/read_files.go:27.13,30.3 1 1
github.com/dvl-numeez/fs-cli/read_files.go:31.2,31.26 1 1
github.com/dvl-numeez/fs-cli/read_files.go:31.26,34.3 1 1
github.com/dvl-numeez/fs-cli/read_files.go:36.76,38.13 2 1
github.com/dvl-numeez/fs-cli/read_files.go:38.13,40.3 1 1
github.com/dvl-numeez/fs-cli/read_files.go:41.2,41.26 1 1
github.com/dvl-numeez/fs-cli/read_files.go:41.26,42.45 1 1
github.com/dvl-numeez/fs-cli/read_files.go:42.45,44.4 1 1
github.com/dvl-numeez/fs-cli/start.go:14.17,16.5 2 0
github.com/dvl-numeez/fs-cli/start.go:16.5,22.17 6 0
github.com/dvl-numeez/fs-cli/start.go:23.15,24.29 1 0
github.com/dvl-numeez/fs-cli/start.go:25.17,26.43 1 0
github.com/dvl-numeez/fs-cli/start.go:27.15,28.25 1 0
github.com/dvl-numeez/fs-cli/start.go:29.15,30.34 1 0
github.com/dvl-numeez/fs-cli/start.go:31.15,32.10 1 0
github.com/dvl-numeez/fs-cli/start.go:33.16,34.17 1 0
github.com/dvl-numeez/fs-cli/start.go:36.11,37.54 1 0
