mode: set
github.com/dvl-numeez/fs-cli/copy_files.go:12.42,14.20 2 1
github.com/dvl-numeez/fs-cli/copy_files.go:15.10,18.54 3 1
github.com/dvl-numeez/fs-cli/copy_files.go:19.10,20.43 1 1
github.com/dvl-numeez/fs-cli/copy_files.go:25.75,27.13 2 1
github.com/dvl-numeez/fs-cli/copy_files.go:27.13,29.3 1 0
github.com/dvl-numeez/fs-cli/copy_files.go:30.2,31.21 2 1
github.com/dvl-numeez/fs-cli/copy_files.go:31.21,33.14 2 0
github.com/dvl-numeez/fs-cli/copy_files.go:33.14,35.4 1 0
github.com/dvl-numeez/fs-cli/copy_files.go:36.3,37.14 2 0
github.com/dvl-numeez/fs-cli/copy_files.go:37.14,39.4 1 0
github.com/dvl-numeez/fs-cli/copy_files.go:40.3,40.29 1 0
github.com/dvl-numeez/fs-cli/copy_files.go:40.29,44.4 3 0
github.com/dvl-numeez/fs-cli/copy_files.go:47.7,49.13 2 1
github.com/dvl-numeez/fs-cli/copy_files.go:49.13,51.3 1 0
github.com/dvl-numeez/fs-cli/copy_files.go:52.2,54.13 3 1
github.com/dvl-numeez/fs-cli/copy_files.go:54.13,56.3 1 0
github.com/dvl-numeez/fs-cli/delete_files.go:11.73,12.14 1 1
github.com/dvl-numeez/fs-cli/delete_files.go:13.16,19.33 6 1
github.com/dvl-numeez/fs-cli/delete_files.go:20.12,21.38 1 1
github.com/dvl-numeez/fs-cli/delete_files.go:22.12,23.51 1 1
github.com/dvl-numeez/fs-cli/delete_files.go:24.11,25.81 1 1
github.com/dvl-numeez/fs-cli/delete_files.go:28.14,29.38 1 0
github.com/dvl-numeez/fs-cli/delete_files.go:32.64,33.13 1 1
github.com/dvl-numeez/fs-cli/delete_files.go:34.16,37.15 3 1
github.com/dvl-numeez/fs-cli/delete_files.go:37.15,40.4 1 1
github.com/dvl-numeez/fs-cli/delete_files.go:40.8,42.4 1 1
github.com/dvl-numeez/fs-cli/delete_files.go:43.14,44.30 1 0
github.com/dvl-numeez/fs-cli/delete_files.go:48.53,50.19 2 1
github.com/dvl-numeez/fs-cli/delete_files.go:50.19,52.6 1 0
github.com/dvl-numeez/fs-cli/delete_files.go:53.5,55.22 3 1
github.com/dvl-numeez/fs-cli/delete_files.go:55.22,57.6 1 1
github.com/dvl-numeez/fs-cli/delete_files.go:58.5,58.22 1 1
github.com/dvl-numeez/fs-cli/delete_files.go:61.69,63.11 2 1
github.com/dvl-numeez/fs-cli/delete_files.go:63.11,65.13 2 1
github.com/dvl-numeez/fs-cli/delete_files.go:65.13,67.3 1 0
github.com/dvl-numeez/fs-cli/delete_files.go:68.2,68.25 1 1
github.com/dvl-numeez/fs-cli/delete_files.go:68.25,71.17 3 1
github.com/dvl-numeez/fs-cli/delete_files.go:71.17,73.4 1 0
github.com/dvl-numeez/fs-cli/delete_files.go:74.3,74.18 1 1
github.com/dvl-numeez/fs-cli/delete_files.go:78.1,78.21 1 1
github.com/dvl-numeez/fs-cli/delete_files.go:81.39,83.13 2 1
github.com/dvl-numeez/fs-cli/delete_files.go:83.13,85.3 1 0
github.com/dvl-numeez/fs-cli/delete_files.go:86.2,86.21 1 1
github.com/dvl-numeez/fs-cli/delete_files.go:88.48,90.2 1 1
github.com/dvl-numeez/fs-cli/helpers.go:10.12,12.2 1 0
github.com/dvl-numeez/fs-cli/helpers.go:13.20,14.34 1 0
github.com/dvl-numeez/fs-cli/helpers.go:14.34,18.6 3 0
github.com/dvl-numeez/fs-cli/helpers.go:18.11,22.6 3 0
github.com/dvl-numeez/fs-cli/main.go:5.12,7.2 1 0
github.com/dvl-numeez/fs-cli/move_files.go:10.60,16.2 5 0
github.com/dvl-numeez/fs-cli/read_files.go:11.47,14.15 3 1
github.com/dvl-numeez/fs-cli/read_files.go:15.9,16.33 1 1
github.com/dvl-numeez/fs-cli/read_files.go:17.9,18.56 1 1
github.com/dvl-numeez/fs-cli/read_files.go:19.10,20.53 1 1
github.com/dvl-numeez/fs-cli/read_files.go:25.54,27.13 2 1
github.com/dvl-numeez/fs-cli/read_files.go:27.13,30.3 1 0
github.com/dvl-numeez/fs-cli/read_files.go:31.2,31.26 1 1
github.com/dvl-numeez/fs-cli/read_files.go:31.26,34.3 1 1
github.com/dvl-numeez/fs-cli/read_files.go:36.76,38.13 2 1
github.com/dvl-numeez/fs-cli/read_files.go:38.13,40.3 1 0
github.com/dvl-numeez/fs-cli/read_files.go:41.2,41.26 1 1
github.com/dvl-numeez/fs-cli/read_files.go:41.26,42.45 1 1
github.com/dvl-numeez/fs-cli/read_files.go:42.45,44.4 1 1
github.com/dvl-numeez/fs-cli/start.go:14.17,16.5 2 0
github.com/dvl-numeez/fs-cli/start.go:16.5,22.17 6 0
github.com/dvl-numeez/fs-cli/start.go:23.15,24.29 1 0
github.com/dvl-numeez/fs-cli/start.go:25.17,26.43 1 0
github.com/dvl-numeez/fs-cli/start.go:27.15,28.25 1 0
github.com/dvl-numeez/fs-cli/start.go:29.15,30.34 1 0
github.com/dvl-numeez/fs-cli/start.go:31.15,32.10 1 0
github.com/dvl-numeez/fs-cli/start.go:33.16,34.17 1 0
github.com/dvl-numeez/fs-cli/start.go:36.11,37.54 1 0
